---------------------------------------
---   Both teams to score X
-------------------------
Sat Sep 9 2017 Scotland_Championship:     Dundee United v Dumbarton  [** 355 **] --- (H:203 A:152)
Sat Sep 9 2017 England_Conference:        Sutton v Gateshead  [** 345 **] --- (H:240 A:105)
Sat Sep 9 2017 England_League_2:          Accrington v Carlisle  [** 331 **] --- (H:164 A:167)
Sat Sep 9 2017 England_Conference:        Tranmere v Barrow  [** 330 **] --- (H:202 A:128)
Sat Sep 9 2017 England_Premier_League:    Man City v Liverpool  [** 281 **] --- (H:143 A:138)
Sat Sep 9 2017 Scotland_Div_2:            Elgin v Annan Athletic  [** 277 **] --- (H:162 A:115)
Sat Sep 9 2017 England_Conference:        Torquay v Wrexham  [** 276 **] --- (H:143 A:133)
Sat Sep 9 2017 Scotland_Premier_League:   Motherwell v Kilmarnock  [** 275 **] --- (H:143 A:132)
Sat Sep 9 2017 England_League_1:          Peterboro v Bradford  [** 273 **] --- (H:167 A:106)
Sat Sep 9 2017 England_League_1:          Plymouth v Milton Keynes Dons  [** 261 **] --- (H:145 A:116)
Sat Sep 9 2017 England_Conference:        Solihull v Macclesfield  [** 259 **] --- (H:131 A:128)
---------------------------------------
---------------------------------------
---   Over 2.5 goals 
-------------------------
Sat Sep 9 2017 England_League_2:          Crewe v Chesterfield  [** 375 **] --- (H:281 A:94)
Sat Sep 9 2017 Scotland_Premier_League:   Hearts v Aberdeen  [** 368 **] --- (H:68 A:300)
Sat Sep 9 2017 Scotland_Championship:     Dundee United v Dumbarton  [** 355 **] --- (H:203 A:152)
Sat Sep 9 2017 England_Conference:        Sutton v Gateshead  [** 345 **] --- (H:240 A:105)
Sat Sep 9 2017 England_Premier_League:    Everton v Tottenham  [** 332 **] --- (H:101 A:231)
Sat Sep 9 2017 England_League_2:          Accrington v Carlisle  [** 331 **] --- (H:164 A:167)
Sat Sep 9 2017 England_Conference:        Tranmere v Barrow  [** 330 **] --- (H:202 A:128)
Sat Sep 9 2017 Scotland_Premier_League:   Ross County v Partick  [** 313 **] --- (H:236 A:77)
Sat Sep 9 2017 England_Championship:      Preston v Barnsley  [** 292 **] --- (H:206 A:86)
Sat Sep 9 2017 Scotland_Div_1:            Raith Rvs v Ayr  [** 286 **] --- (H:198 A:88)
Sat Sep 9 2017 England_Premier_League:    Man City v Liverpool  [** 281 **] --- (H:143 A:138)
Sat Sep 9 2017 Scotland_Div_2:            Elgin v Annan Athletic  [** 277 **] --- (H:162 A:115)
Sat Sep 9 2017 England_Conference:        Torquay v Wrexham  [** 276 **] --- (H:143 A:133)
Sat Sep 9 2017 Scotland_Premier_League:   Motherwell v Kilmarnock  [** 275 **] --- (H:143 A:132)
Sat Sep 9 2017 England_League_1:          Peterboro v Bradford  [** 273 **] --- (H:167 A:106)
Sat Sep 9 2017 England_Championship:      Norwich v Birmingham  [** 268 **] --- (H:214 A:54)
Sat Sep 9 2017 Scotland_Championship:     Livingston v Queen of Sth  [** 266 **] --- (H:201 A:65)
Sat Sep 9 2017 England_Conference:        Boreham Wood v Leyton Orient  [** 265 **] --- (H:189 A:76)
Sat Sep 9 2017 England_League_2:          Luton v Swindon  [** 263 **] --- (H:201 A:62)
Sat Sep 9 2017 England_League_1:          Plymouth v Milton Keynes Dons  [** 261 **] --- (H:145 A:116)
Sat Sep 9 2017 England_Conference:        Solihull v Macclesfield  [** 259 **] --- (H:131 A:128)
Sat Sep 9 2017 England_League_2:          Notts County v Morecambe  [** 258 **] --- (H:182 A:76)
Sat Sep 9 2017 England_League_1:          Oxford v Gillingham  [** 255 **] --- (H:208 A:47)
---------------------------------------
---------------------------------------
---   Home wins X
-------------------------
Sat Sep 9 2017 England_League_2:          **(CREWE)** v Chesterfield  [** 187 **] --- (H:281 A:94)
Sat Sep 9 2017 England_Championship:      **(BOLTON)** v Middlesbrough  [** 168 **] --- (H:171 A:3)
Sat Sep 9 2017 Scotland_Championship:     **(ST MIRREN)** v Inverness C  [** 166 **] --- (H:229 A:63)
Sat Sep 9 2017 England_League_1:          **(OXFORD)** v Gillingham  [** 161 **] --- (H:208 A:47)
Sat Sep 9 2017 England_Championship:      **(NORWICH)** v Birmingham  [** 160 **] --- (H:214 A:54)
Sat Sep 9 2017 Scotland_Premier_League:   **(ROSS COUNTY)** v Partick  [** 159 **] --- (H:236 A:77)
Sat Sep 9 2017 England_League_2:          **(YEOVIL)** v Cheltenham  [** 155 **] --- (H:214 A:59)
Sat Sep 9 2017 England_League_2:          **(COLCHESTER)** v Crawley Town  [** 147 **] --- (H:153 A:6)
Sat Sep 9 2017 England_Premier_League:    **(ARSENAL)** v Bournemouth  [** 145 **] --- (H:177 A:32)
Sat Sep 9 2017 England_Championship:      **(QPR)** v Ipswich  [** 139 **] --- (H:210 A:71)
---------------------------------------
---------------------------------------
---   Away wins X
-------------------------
Sat Sep 9 2017 Scotland_Premier_League:   Hearts v **(ABERDEEN)**  [** 232 **] --- (A:300 H:68)
Sat Sep 9 2017 England_Championship:      Sunderland v **(SHEFFIELD UNITED)**  [** 214 **] --- (A:232 H:18)
Sat Sep 9 2017 England_Premier_League:    Everton v **(TOTTENHAM)**  [** 130 **] --- (A:231 H:101)
Sat Sep 9 2017 England_Conference:        Hartlepool v **(DAG AND RED)**  [** 103 **] --- (A:167 H:64)
Sat Sep 9 2017 England_Conference:        Chester v **(EBBSFLEET)**  [** 101 **] --- (A:126 H:25)
Sat Sep 9 2017 Scotland_Div_2:            Stenhousemuir v **(COWDENBEATH)**  [** 85 **] --- (A:128 H:43)
---------------------------------------
---------------------------------------
---   high scorers X
-------------------------
Sat Sep 9 2017 Scotland_Premier_League:   Hearts v **(ABERDEEN)**  [** 300 **]
Sat Sep 9 2017 England_League_2:          **(CREWE)** v Chesterfield  [** 281 **]
Sat Sep 9 2017 England_Conference:        **(SUTTON)** v Gateshead  [** 240 **]
Sat Sep 9 2017 Scotland_Premier_League:   **(ROSS COUNTY)** v Partick  [** 236 **]
Sat Sep 9 2017 England_Championship:      Sunderland v **(SHEFFIELD UNITED)**  [** 232 **]
Sat Sep 9 2017 England_Premier_League:    Everton v **(TOTTENHAM)**  [** 231 **]
Sat Sep 9 2017 England_Championship:      **(NORWICH)** v Birmingham  [** 214 **]
Sat Sep 9 2017 England_Championship:      **(QPR)** v Ipswich  [** 210 **]
Sat Sep 9 2017 England_League_1:          **(OXFORD)** v Gillingham  [** 208 **]
Sat Sep 9 2017 England_Championship:      **(PRESTON)** v Barnsley  [** 206 **]
Sat Sep 9 2017 England_Conference:        **(TRANMERE)** v Barrow  [** 202 **]
Sat Sep 9 2017 England_League_2:          **(LUTON)** v Swindon  [** 201 **]
Sat Sep 9 2017 England_Conference:        **(BOREHAM WOOD)** v Leyton Orient  [** 189 **]
Sat Sep 9 2017 England_League_2:          **(NOTTS COUNTY)** v Morecambe  [** 182 **]
Sat Sep 9 2017 England_League_1:          **(SCUNTHORPE)** v Blackpool  [** 180 **]
Sat Sep 9 2017 England_Premier_League:    **(ARSENAL)** v Bournemouth  [** 177 **]
Sat Sep 9 2017 England_Premier_League:    **(SOUTHAMPTON)** v Watford  [** 175 **]
Sat Sep 9 2017 England_Championship:      **(BOLTON)** v Middlesbrough  [** 171 **]
Sat Sep 9 2017 England_League_1:          **(BRISTOL RVS)** v Walsall  [** 168 **]
Sat Sep 9 2017 England_League_1:          **(PETERBORO)** v Bradford  [** 167 **]
Sat Sep 9 2017 England_League_2:          **(ACCRINGTON)** v Carlisle  [** 164 **]
Sat Sep 9 2017 England_Premier_League:    **(BRIGHTON)** v West Brom  [** 158 **]
Sat Sep 9 2017 England_League_2:          **(COLCHESTER)** v Crawley Town  [** 153 **]
---------------------------------------

Showing predictions for fixtures played on Saturday 9 Sep 2017


