main INFO  BothTeamsToScore - ---------------------------------------
main INFO  BothTeamsToScore - ---   Both teams to score
main INFO  BothTeamsToScore - -------------------------
main INFO  BothTeamsToScore - Sat Oct 22 2016 England_Championship: Nott'm Forest v Cardiff  [** 732 **] --- (H:460 A:272)
main INFO  BothTeamsToScore - Sat Oct 22 2016 England_Championship: Norwich v Preston  [** 707 **] --- (H:435 A:272)
main INFO  BothTeamsToScore - Sat Oct 22 2016 England_Championship: Rotherham v Reading  [** 673 **] --- (H:208 A:465)
main INFO  BothTeamsToScore - Sat Oct 22 2016 Scotland_Championship: Dundee United v Dumbarton  [** 633 **] --- (H:425 A:208)
main INFO  BothTeamsToScore - Sat Oct 22 2016 England_League_1: Peterboro v AFC Wimbledon  [** 620 **] --- (H:340 A:280)
main INFO  BothTeamsToScore - Sat Oct 22 2016 Scotland_Premier_League: Inverness C v Kilmarnock  [** 609 **] --- (H:304 A:305)
main INFO  BothTeamsToScore - Sat Oct 22 2016 England_League_2: Stevenage v Carlisle  [** 556 **] --- (H:248 A:308)
main INFO  BothTeamsToScore - Sat Oct 22 2016 England_League_1: Gillingham v Charlton  [** 516 **] --- (H:200 A:316)
main INFO  BothTeamsToScore - Sat Oct 22 2016 England_League_2: Colchester v Morecambe  [** 504 **] --- (H:208 A:296)
main INFO  BothTeamsToScore - Sat Oct 22 2016 England_League_2: Blackpool v Doncaster  [** 496 **] --- (H:184 A:312)
main INFO  BothTeamsToScore - Sat Oct 22 2016 England_League_1: Millwall v Fleetwood Town  [** 488 **] --- (H:168 A:320)
main INFO  BothTeamsToScore - Sat Oct 22 2016 England_League_2: Hartlepool v Leyton Orient  [** 480 **] --- (H:192 A:288)
main INFO  BothTeamsToScore - Sat Oct 22 2016 Scotland_Div_1: Albion Rvs v Peterhead  [** 475 **] --- (H:275 A:200)
main INFO  BothTeamsToScore - Sat Oct 22 2016 England_Premier_League: Arsenal v Middlesbrough  [** 468 **] --- (H:368 A:100)
main INFO  BothTeamsToScore - Sat Oct 22 2016 England_League_1: Coventry v Rochdale  [** 444 **] --- (H:221 A:223)
main INFO  BothTeamsToScore - Sat Oct 22 2016 England_League_1: Chesterfield v Scunthorpe  [** 436 **] --- (H:196 A:240)
main INFO  BothTeamsToScore - Sat Oct 22 2016 England_League_2: Grimsby v Cheltenham  [** 401 **] --- (H:284 A:117)
main INFO  BothTeamsToScore - Sat Oct 22 2016 England_Premier_League: Swansea v Watford  [** 392 **] --- (H:168 A:224)
main INFO  BothTeamsToScore - Sat Oct 22 2016 England_Championship: Sheffield Weds v QPR  [** 376 **] --- (H:203 A:173)
main INFO  BothTeamsToScore - ---------------------------------------
main INFO  BothTeamsToScore - ---------------------------------------
main INFO  BothTeamsToScore - ---   Both teams to score X
main INFO  BothTeamsToScore - -------------------------
