3484 : 2019-08-08 08:53:32,479 : INFO : telemetry.main : Attempt start. Configuration directory [/home/agrahame/.azure].
3484 : 2019-08-08 08:53:32,480 : INFO : telemetry.check : Positive: The /home/agrahame/.azure/telemetry.txt does not exist.
3484 : 2019-08-08 08:53:32,480 : DEBUG : telemetry.note : acquiring lock
3484 : 2019-08-08 08:53:32,480 : DEBUG : telemetry.note : acquired lock
3484 : 2019-08-08 08:53:32,480 : INFO : telemetry.note : Update the note mtime to 2019-08-08 08:53:32.480831
3484 : 2019-08-08 08:53:32,484 : WARNING : telemetry.note : Fail to parse or read the timestamp 'N/A' in the note file. Set the last send time to minimal. Reason: not readable
3484 : 2019-08-08 08:53:32,485 : INFO : telemetry.records : No cache to be uploaded.
3484 : 2019-08-08 08:53:32,485 : INFO : telemetry.client : Accumulated 0 events. Flush the clients.
3484 : 2019-08-08 08:53:32,485 : INFO : telemetry.note : Update the last send in note to 0001-01-01 00:00:00
3484 : 2019-08-08 08:53:32,485 : INFO : telemetry.note : Update the note mtime to 2019-08-08 08:53:32.485857
5585 : 2019-08-08 11:26:05,742 : INFO : telemetry.main : Attempt start. Configuration directory [/home/agrahame/.azure].
5585 : 2019-08-08 11:26:05,743 : INFO : telemetry.check : Returns Positive.
5585 : 2019-08-08 11:26:05,743 : DEBUG : telemetry.note : acquiring lock
5585 : 2019-08-08 11:26:05,743 : DEBUG : telemetry.note : acquired lock
5585 : 2019-08-08 11:26:05,743 : INFO : telemetry.note : Update the note mtime to 2019-08-08 11:26:05.743552
5585 : 2019-08-08 11:26:05,746 : WARNING : telemetry.note : Fail to parse or read the timestamp '1-01-01T00:00:00' in the note file. Set the last send time to minimal. Reason: time data '1-01-01T00:00:00' does not match format '%Y-%m-%dT%H:%M:%S'
5585 : 2019-08-08 11:26:05,746 : INFO : telemetry.records : No cache to be uploaded.
5585 : 2019-08-08 11:26:05,746 : INFO : telemetry.client : Accumulated 0 events. Flush the clients.
5585 : 2019-08-08 11:26:05,746 : INFO : telemetry.note : Update the last send in note to 0001-01-01 00:00:00
5585 : 2019-08-08 11:26:05,746 : INFO : telemetry.note : Update the note mtime to 2019-08-08 11:26:05.746922
5808 : 2019-08-08 11:45:37,007 : INFO : telemetry.main : Attempt start. Configuration directory [/home/agrahame/.azure].
5808 : 2019-08-08 11:45:37,007 : INFO : telemetry.check : Returns Positive.
5808 : 2019-08-08 11:45:37,008 : DEBUG : telemetry.note : acquiring lock
5808 : 2019-08-08 11:45:37,009 : DEBUG : telemetry.note : acquired lock
5808 : 2019-08-08 11:45:37,009 : INFO : telemetry.note : Update the note mtime to 2019-08-08 11:45:37.009686
5808 : 2019-08-08 11:45:37,011 : WARNING : telemetry.note : Fail to parse or read the timestamp '1-01-01T00:00:00' in the note file. Set the last send time to minimal. Reason: time data '1-01-01T00:00:00' does not match format '%Y-%m-%dT%H:%M:%S'
5808 : 2019-08-08 11:45:37,012 : INFO : telemetry.records : No cache to be uploaded.
5808 : 2019-08-08 11:45:37,012 : INFO : telemetry.client : Accumulated 0 events. Flush the clients.
5808 : 2019-08-08 11:45:37,012 : INFO : telemetry.note : Update the last send in note to 0001-01-01 00:00:00
5808 : 2019-08-08 11:45:37,012 : INFO : telemetry.note : Update the note mtime to 2019-08-08 11:45:37.012622
6189 : 2019-08-08 12:10:52,133 : INFO : telemetry.main : Attempt start. Configuration directory [/home/agrahame/.azure].
6189 : 2019-08-08 12:10:52,134 : INFO : telemetry.check : Returns Positive.
6189 : 2019-08-08 12:10:52,134 : DEBUG : telemetry.note : acquiring lock
6189 : 2019-08-08 12:10:52,136 : DEBUG : telemetry.note : acquired lock
6189 : 2019-08-08 12:10:52,136 : INFO : telemetry.note : Update the note mtime to 2019-08-08 12:10:52.136245
6189 : 2019-08-08 12:10:52,138 : WARNING : telemetry.note : Fail to parse or read the timestamp '1-01-01T00:00:00' in the note file. Set the last send time to minimal. Reason: time data '1-01-01T00:00:00' does not match format '%Y-%m-%dT%H:%M:%S'
6189 : 2019-08-08 12:10:52,138 : INFO : telemetry.records : No cache to be uploaded.
6189 : 2019-08-08 12:10:52,139 : INFO : telemetry.client : Accumulated 0 events. Flush the clients.
6189 : 2019-08-08 12:10:52,139 : INFO : telemetry.note : Update the last send in note to 0001-01-01 00:00:00
6189 : 2019-08-08 12:10:52,139 : INFO : telemetry.note : Update the note mtime to 2019-08-08 12:10:52.139458
6604 : 2019-08-08 13:53:23,427 : INFO : telemetry.main : Attempt start. Configuration directory [/home/agrahame/.azure].
6604 : 2019-08-08 13:53:23,428 : INFO : telemetry.check : Returns Positive.
6604 : 2019-08-08 13:53:23,428 : DEBUG : telemetry.note : acquiring lock
6604 : 2019-08-08 13:53:23,430 : DEBUG : telemetry.note : acquired lock
6604 : 2019-08-08 13:53:23,430 : INFO : telemetry.note : Update the note mtime to 2019-08-08 13:53:23.430183
6604 : 2019-08-08 13:53:23,432 : WARNING : telemetry.note : Fail to parse or read the timestamp '1-01-01T00:00:00' in the note file. Set the last send time to minimal. Reason: time data '1-01-01T00:00:00' does not match format '%Y-%m-%dT%H:%M:%S'
6604 : 2019-08-08 13:53:23,433 : INFO : telemetry.records : No cache to be uploaded.
6604 : 2019-08-08 13:53:23,433 : INFO : telemetry.client : Accumulated 0 events. Flush the clients.
6604 : 2019-08-08 13:53:23,433 : INFO : telemetry.note : Update the last send in note to 0001-01-01 00:00:00
6604 : 2019-08-08 13:53:23,433 : INFO : telemetry.note : Update the note mtime to 2019-08-08 13:53:23.433470
348 : 2019-08-09 08:05:23,951 : INFO : telemetry.main : Attempt start. Configuration directory [/home/agrahame/.azure].
348 : 2019-08-09 08:05:23,952 : INFO : telemetry.check : Returns Positive.
348 : 2019-08-09 08:05:23,953 : DEBUG : telemetry.note : acquiring lock
348 : 2019-08-09 08:05:23,953 : DEBUG : telemetry.note : acquired lock
348 : 2019-08-09 08:05:23,953 : INFO : telemetry.note : Update the note mtime to 2019-08-09 08:05:23.953609
348 : 2019-08-09 08:05:23,956 : WARNING : telemetry.note : Fail to parse or read the timestamp '1-01-01T00:00:00' in the note file. Set the last send time to minimal. Reason: time data '1-01-01T00:00:00' does not match format '%Y-%m-%dT%H:%M:%S'
348 : 2019-08-09 08:05:23,956 : INFO : telemetry.records : No cache to be uploaded.
348 : 2019-08-09 08:05:23,956 : INFO : telemetry.client : Accumulated 0 events. Flush the clients.
348 : 2019-08-09 08:05:23,956 : INFO : telemetry.note : Update the last send in note to 0001-01-01 00:00:00
348 : 2019-08-09 08:05:23,957 : INFO : telemetry.note : Update the note mtime to 2019-08-09 08:05:23.957071
680 : 2019-08-09 14:59:59,136 : INFO : telemetry.main : Attempt start. Configuration directory [/home/agrahame/.azure].
680 : 2019-08-09 14:59:59,137 : INFO : telemetry.check : Returns Positive.
680 : 2019-08-09 14:59:59,137 : DEBUG : telemetry.note : acquiring lock
680 : 2019-08-09 14:59:59,137 : DEBUG : telemetry.note : acquired lock
680 : 2019-08-09 14:59:59,137 : INFO : telemetry.note : Update the note mtime to 2019-08-09 14:59:59.137875
680 : 2019-08-09 14:59:59,140 : WARNING : telemetry.note : Fail to parse or read the timestamp '1-01-01T00:00:00' in the note file. Set the last send time to minimal. Reason: time data '1-01-01T00:00:00' does not match format '%Y-%m-%dT%H:%M:%S'
680 : 2019-08-09 14:59:59,140 : INFO : telemetry.records : No cache to be uploaded.
680 : 2019-08-09 14:59:59,140 : INFO : telemetry.client : Accumulated 0 events. Flush the clients.
680 : 2019-08-09 14:59:59,140 : INFO : telemetry.note : Update the last send in note to 0001-01-01 00:00:00
680 : 2019-08-09 14:59:59,140 : INFO : telemetry.note : Update the note mtime to 2019-08-09 14:59:59.140926
4431 : 2019-10-15 12:32:40,593 : INFO : telemetry.main : Attempt start. Configuration directory [/home/agrahame/.azure].
4431 : 2019-10-15 12:32:40,594 : INFO : telemetry.check : Returns Positive.
4431 : 2019-10-15 12:32:40,595 : DEBUG : telemetry.note : acquiring lock
4431 : 2019-10-15 12:32:40,595 : DEBUG : telemetry.note : acquired lock
4431 : 2019-10-15 12:32:40,595 : INFO : telemetry.note : Update the note mtime to 2019-10-15 12:32:40.595705
4431 : 2019-10-15 12:32:40,599 : WARNING : telemetry.note : Fail to parse or read the timestamp '1-01-01T00:00:00' in the note file. Set the last send time to minimal. Reason: time data '1-01-01T00:00:00' does not match format '%Y-%m-%dT%H:%M:%S'
4431 : 2019-10-15 12:32:40,600 : INFO : telemetry.records : No cache to be uploaded.
4431 : 2019-10-15 12:32:40,600 : INFO : telemetry.client : Accumulated 0 events. Flush the clients.
4431 : 2019-10-15 12:32:40,600 : INFO : telemetry.note : Update the last send in note to 0001-01-01 00:00:00
4431 : 2019-10-15 12:32:40,600 : INFO : telemetry.note : Update the note mtime to 2019-10-15 12:32:40.600549
6254 : 2019-11-19 11:18:04,012 : INFO : telemetry.main : Attempt start. Configuration directory [/home/agrahame/.azure].
6254 : 2019-11-19 11:18:04,013 : INFO : telemetry.check : Returns Positive.
6254 : 2019-11-19 11:18:04,013 : DEBUG : telemetry.note : acquiring lock
6254 : 2019-11-19 11:18:04,013 : DEBUG : telemetry.note : acquired lock
6254 : 2019-11-19 11:18:04,013 : INFO : telemetry.note : Update the note mtime to 2019-11-19 11:18:04.013730
6254 : 2019-11-19 11:18:04,017 : WARNING : telemetry.note : Fail to parse or read the timestamp '1-01-01T00:00:00' in the note file. Set the last send time to minimal. Reason: time data '1-01-01T00:00:00' does not match format '%Y-%m-%dT%H:%M:%S'
6254 : 2019-11-19 11:18:04,017 : INFO : telemetry.records : No cache to be uploaded.
6254 : 2019-11-19 11:18:04,017 : INFO : telemetry.client : Accumulated 0 events. Flush the clients.
6254 : 2019-11-19 11:18:04,017 : INFO : telemetry.note : Update the last send in note to 0001-01-01 00:00:00
6254 : 2019-11-19 11:18:04,017 : INFO : telemetry.note : Update the note mtime to 2019-11-19 11:18:04.017960
6430 : 2019-11-19 11:28:31,593 : INFO : telemetry.main : Attempt start. Configuration directory [/home/agrahame/.azure].
6430 : 2019-11-19 11:28:31,593 : INFO : telemetry.check : Returns Positive.
6430 : 2019-11-19 11:28:31,593 : DEBUG : telemetry.note : acquiring lock
6430 : 2019-11-19 11:28:31,595 : DEBUG : telemetry.note : acquired lock
6430 : 2019-11-19 11:28:31,595 : INFO : telemetry.note : Update the note mtime to 2019-11-19 11:28:31.595278
6430 : 2019-11-19 11:28:31,597 : WARNING : telemetry.note : Fail to parse or read the timestamp '1-01-01T00:00:00' in the note file. Set the last send time to minimal. Reason: time data '1-01-01T00:00:00' does not match format '%Y-%m-%dT%H:%M:%S'
6430 : 2019-11-19 11:28:31,597 : INFO : telemetry.records : No cache to be uploaded.
6430 : 2019-11-19 11:28:31,597 : INFO : telemetry.client : Accumulated 0 events. Flush the clients.
6430 : 2019-11-19 11:28:31,598 : INFO : telemetry.note : Update the last send in note to 0001-01-01 00:00:00
6430 : 2019-11-19 11:28:31,598 : INFO : telemetry.note : Update the note mtime to 2019-11-19 11:28:31.598243
6624 : 2019-11-19 11:47:56,485 : INFO : telemetry.main : Attempt start. Configuration directory [/home/agrahame/.azure].
6624 : 2019-11-19 11:47:56,486 : INFO : telemetry.check : Returns Positive.
6624 : 2019-11-19 11:47:56,486 : DEBUG : telemetry.note : acquiring lock
6624 : 2019-11-19 11:47:56,486 : DEBUG : telemetry.note : acquired lock
6624 : 2019-11-19 11:47:56,486 : INFO : telemetry.note : Update the note mtime to 2019-11-19 11:47:56.486908
6624 : 2019-11-19 11:47:56,489 : WARNING : telemetry.note : Fail to parse or read the timestamp '1-01-01T00:00:00' in the note file. Set the last send time to minimal. Reason: time data '1-01-01T00:00:00' does not match format '%Y-%m-%dT%H:%M:%S'
6624 : 2019-11-19 11:47:56,489 : INFO : telemetry.records : No cache to be uploaded.
6624 : 2019-11-19 11:47:56,489 : INFO : telemetry.client : Accumulated 0 events. Flush the clients.
6624 : 2019-11-19 11:47:56,489 : INFO : telemetry.note : Update the last send in note to 0001-01-01 00:00:00
6624 : 2019-11-19 11:47:56,489 : INFO : telemetry.note : Update the note mtime to 2019-11-19 11:47:56.489728
6639 : 2019-11-19 12:05:42,308 : INFO : telemetry.main : Attempt start. Configuration directory [/home/agrahame/.azure].
6639 : 2019-11-19 12:05:42,308 : INFO : telemetry.check : Returns Positive.
6639 : 2019-11-19 12:05:42,308 : DEBUG : telemetry.note : acquiring lock
6639 : 2019-11-19 12:05:42,310 : DEBUG : telemetry.note : acquired lock
6639 : 2019-11-19 12:05:42,310 : INFO : telemetry.note : Update the note mtime to 2019-11-19 12:05:42.310282
6639 : 2019-11-19 12:05:42,312 : WARNING : telemetry.note : Fail to parse or read the timestamp '1-01-01T00:00:00' in the note file. Set the last send time to minimal. Reason: time data '1-01-01T00:00:00' does not match format '%Y-%m-%dT%H:%M:%S'
6639 : 2019-11-19 12:05:42,312 : INFO : telemetry.records : No cache to be uploaded.
6639 : 2019-11-19 12:05:42,312 : INFO : telemetry.client : Accumulated 0 events. Flush the clients.
6639 : 2019-11-19 12:05:42,313 : INFO : telemetry.note : Update the last send in note to 0001-01-01 00:00:00
6639 : 2019-11-19 12:05:42,313 : INFO : telemetry.note : Update the note mtime to 2019-11-19 12:05:42.313365
11865 : 2019-11-20 12:10:04,777 : INFO : telemetry.main : Attempt start. Configuration directory [/home/agrahame/.azure].
11865 : 2019-11-20 12:10:04,777 : INFO : telemetry.check : Returns Positive.
11865 : 2019-11-20 12:10:04,777 : DEBUG : telemetry.note : acquiring lock
11865 : 2019-11-20 12:10:04,778 : DEBUG : telemetry.note : acquired lock
11865 : 2019-11-20 12:10:04,778 : INFO : telemetry.note : Update the note mtime to 2019-11-20 12:10:04.778270
11865 : 2019-11-20 12:10:04,781 : WARNING : telemetry.note : Fail to parse or read the timestamp '1-01-01T00:00:00' in the note file. Set the last send time to minimal. Reason: time data '1-01-01T00:00:00' does not match format '%Y-%m-%dT%H:%M:%S'
11865 : 2019-11-20 12:10:04,781 : INFO : telemetry.records : No cache to be uploaded.
11865 : 2019-11-20 12:10:04,781 : INFO : telemetry.client : Accumulated 0 events. Flush the clients.
11865 : 2019-11-20 12:10:04,782 : INFO : telemetry.note : Update the last send in note to 0001-01-01 00:00:00
11865 : 2019-11-20 12:10:04,782 : INFO : telemetry.note : Update the note mtime to 2019-11-20 12:10:04.782114
14374 : 2019-11-21 07:57:05,454 : INFO : telemetry.main : Attempt start. Configuration directory [/home/agrahame/.azure].
14374 : 2019-11-21 07:57:05,455 : INFO : telemetry.check : Returns Positive.
14374 : 2019-11-21 07:57:05,455 : DEBUG : telemetry.note : acquiring lock
14374 : 2019-11-21 07:57:05,455 : DEBUG : telemetry.note : acquired lock
14374 : 2019-11-21 07:57:05,455 : INFO : telemetry.note : Update the note mtime to 2019-11-21 07:57:05.455911
14374 : 2019-11-21 07:57:05,458 : WARNING : telemetry.note : Fail to parse or read the timestamp '1-01-01T00:00:00' in the note file. Set the last send time to minimal. Reason: time data '1-01-01T00:00:00' does not match format '%Y-%m-%dT%H:%M:%S'
14374 : 2019-11-21 07:57:05,458 : INFO : telemetry.records : No cache to be uploaded.
14374 : 2019-11-21 07:57:05,459 : INFO : telemetry.client : Accumulated 0 events. Flush the clients.
14374 : 2019-11-21 07:57:05,459 : INFO : telemetry.note : Update the last send in note to 0001-01-01 00:00:00
14374 : 2019-11-21 07:57:05,459 : INFO : telemetry.note : Update the note mtime to 2019-11-21 07:57:05.459424
3531 : 2020-01-31 07:57:48,851 : INFO : telemetry.main : Attempt start. Configuration directory [/home/agrahame/.azure].
3531 : 2020-01-31 07:57:48,852 : INFO : telemetry.check : Returns Positive.
3531 : 2020-01-31 07:57:48,852 : DEBUG : telemetry.note : acquiring lock
3531 : 2020-01-31 07:57:48,853 : DEBUG : telemetry.note : acquired lock
3531 : 2020-01-31 07:57:48,853 : INFO : telemetry.note : Update the note mtime to 2020-01-31 07:57:48.853394
3531 : 2020-01-31 07:57:48,857 : WARNING : telemetry.note : Fail to parse or read the timestamp '1-01-01T00:00:00' in the note file. Set the last send time to minimal. Reason: time data '1-01-01T00:00:00' does not match format '%Y-%m-%dT%H:%M:%S'
3531 : 2020-01-31 07:57:48,858 : INFO : telemetry.records : No cache to be uploaded.
3531 : 2020-01-31 07:57:48,858 : INFO : telemetry.client : Accumulated 0 events. Flush the clients.
3531 : 2020-01-31 07:57:48,859 : INFO : telemetry.note : Update the last send in note to 0001-01-01 00:00:00
3531 : 2020-01-31 07:57:48,859 : INFO : telemetry.note : Update the note mtime to 2020-01-31 07:57:48.859555
